TN:verilator_coverage
SF:/home/luyoung/chip_functional_verification/chapter3/practice1/picker_out_SyncFIFO/SyncFIFO.v
FNF:0
FNH:0
DA:2,289
DA:3,6
DA:4,70
DA:5,66
DA:6,3
DA:7,3
DA:8,6
DA:9,11
DA:14,7
DA:15,6
DA:16,7
DA:18,67
DA:23,145
DA:24,10
DA:25,10
DA:26,10
DA:27,10
DA:28,135
DA:29,33
DA:30,33
DA:31,33
DA:33,34
DA:34,34
DA:35,34
DA:40,145
DA:41,10
DA:42,65
DA:43,33
DA:44,32
LF:29
LH:29
end_of_record
TN:verilator_coverage
SF:/home/luyoung/chip_functional_verification/chapter3/practice1/picker_out_SyncFIFO/SyncFIFO_top.sv
FNF:0
FNH:0
DA:3,289
DA:4,6
DA:5,70
DA:6,66
DA:7,3
DA:8,3
DA:9,6
DA:10,11
DA:40,0
DA:42,0
DA:45,290
DA:47,290
DA:50,0
DA:52,0
DA:55,8
DA:57,8
DA:60,0
DA:62,0
DA:65,69
DA:67,69
DA:70,0
DA:72,0
DA:75,67
DA:77,67
DA:80,0
DA:82,0
DA:85,34
DA:87,34
DA:90,177
DA:92,177
DA:95,307
DA:97,307
DA:100,307
DA:102,307
DA:107,3
DA:108,3
DA:109,3
DA:113,0
DA:114,0
LF:39
LH:27
end_of_record
