TN:verilator_coverage
SF:/home/luyoung/chip_functional_verification/chapter3/practice1/picker_out_SyncFIFO/SyncFIFO.v
FNF:0
FNH:0
DA:2,39
DA:3,4
DA:4,4
DA:5,2
DA:6,3
DA:7,3
DA:8,2
DA:9,5
DA:14,3
DA:15,2
DA:16,3
DA:18,3
DA:23,20
DA:24,10
DA:25,10
DA:26,10
DA:27,10
DA:28,10
DA:29,7
DA:30,1
DA:31,1
DA:33,7
DA:34,1
DA:35,1
DA:40,20
DA:41,10
DA:42,10
DA:43,0
DA:44,0
LF:29
LH:27
end_of_record
TN:verilator_coverage
SF:/home/luyoung/chip_functional_verification/chapter3/practice1/picker_out_SyncFIFO/SyncFIFO_top.sv
FNF:0
FNH:0
DA:3,39
DA:4,4
DA:5,4
DA:6,2
DA:7,3
DA:8,3
DA:9,2
DA:10,5
DA:40,0
DA:42,0
DA:45,40
DA:47,40
DA:50,0
DA:52,0
DA:55,6
DA:57,6
DA:60,0
DA:62,0
DA:65,4
DA:67,4
DA:70,0
DA:72,0
DA:75,3
DA:77,3
DA:80,0
DA:82,0
DA:85,3
DA:87,3
DA:90,3
DA:92,3
DA:95,46
DA:97,46
DA:100,46
DA:102,46
DA:107,3
DA:108,3
DA:109,3
DA:113,0
DA:114,0
LF:39
LH:27
end_of_record
