TN:verilator_coverage
SF:/home/luyoung/chip_functional_verification/chapter3/practice1/picker_out_SyncFIFO/SyncFIFO.v
FNF:0
FNH:0
DA:2,283
DA:3,4
DA:4,68
DA:5,67
DA:6,3
DA:7,3
DA:8,6
DA:9,9
DA:14,7
DA:15,6
DA:16,7
DA:18,66
DA:23,142
DA:24,8
DA:25,10
DA:26,10
DA:27,10
DA:28,132
DA:29,33
DA:30,33
DA:31,33
DA:33,33
DA:34,33
DA:35,33
DA:40,142
DA:41,10
DA:42,66
DA:43,32
DA:44,32
LF:29
LH:29
end_of_record
TN:verilator_coverage
SF:/home/luyoung/chip_functional_verification/chapter3/practice1/picker_out_SyncFIFO/SyncFIFO_top.sv
FNF:0
FNH:0
DA:3,283
DA:4,4
DA:5,68
DA:6,67
DA:7,3
DA:8,3
DA:9,6
DA:10,9
DA:40,0
DA:42,0
DA:45,284
DA:47,284
DA:50,0
DA:52,0
DA:55,6
DA:57,6
DA:60,0
DA:62,0
DA:65,68
DA:67,68
DA:70,0
DA:72,0
DA:75,68
DA:77,68
DA:80,0
DA:82,0
DA:85,33
DA:87,33
DA:90,174
DA:92,174
DA:95,298
DA:97,298
DA:100,298
DA:102,298
DA:107,3
DA:108,3
DA:109,3
DA:113,0
DA:114,0
LF:39
LH:27
end_of_record
