TN:verilator_coverage
SF:/home/luyoung/chip_functional_verification/chapter2/example/RandomGenerator/RandomGenerator.v
FNF:0
FNH:0
DA:2,131077
DA:3,2
DA:4,1
DA:5,32897
DA:7,32897
DA:9,65539
DA:10,2
DA:11,2
DA:13,65537
DA:14,65537
LF:10
LH:10
end_of_record
TN:verilator_coverage
SF:/home/luyoung/chip_functional_verification/chapter2/example/RandomGenerator/RandomGenerator_top.sv
FNF:0
FNH:0
DA:3,131077
DA:4,2
DA:5,1
DA:6,32897
DA:27,0
DA:29,0
DA:32,131078
DA:34,131078
DA:37,0
DA:39,0
DA:42,2
DA:44,2
DA:47,0
DA:49,0
DA:52,1
DA:54,1
DA:57,65537
DA:59,65537
DA:62,1
DA:64,1
DA:69,1
DA:70,1
DA:71,1
DA:75,0
DA:76,0
LF:25
LH:17
end_of_record
